<?xml version="1.0" encoding="UTF-8"?>
<!-- Generated by org.testng.reporters.JUnitReportReporter -->
<testsuite skipped="0" hostname="H2LTP0205" name="seleniumtraning.testing" tests="1" failures="0" timestamp="12 Nov 2017 07:34:10 GMT" time="7.157" errors="0">
  <testcase name="main" time="7.157" classname="seleniumtraning.testing"/>
</testsuite> <!-- seleniumtraning.testing -->
