<?xml version="1.0" encoding="UTF-8"?>
<!-- Generated by org.testng.reporters.JUnitReportReporter -->
<testsuite skipped="0" hostname="H2LTP0205" name="seleniumtraning.testing" tests="1" failures="0" timestamp="16 Nov 2017 04:57:44 GMT" time="9.047" errors="0">
  <testcase name="get_url" time="9.047" classname="seleniumtraning.testing"/>
</testsuite> <!-- seleniumtraning.testing -->
